<?xml version="1.0" encoding="UTF-8"?>
<robot generator="Robot 4.0.3 (Python 3.8.5 on win32)" generated="20210629 08:27:10.035" rpa="false" schemaversion="2">
<suite id="s1" name="ders02 GET Request ex" source="C:\Users\gazi\PycharmProjects\robotProject\APITests\ders02_GET_Request_ex.robot">
<test id="s1-t1" name="Get Request 1">
<kw name="GET" library="RequestsLibrary">
<var>${response}</var>
<arg>https://reqres.in/api/users</arg>
<arg>params=query=page=2</arg>
<arg>expected_status=200</arg>
<doc>Sends a GET request.</doc>
<msg timestamp="20210629 08:27:10.818" level="INFO">GET Request : url=https://reqres.in/api/users?query=page=2 
 path_url=/api/users?query=page=2 
 headers={'User-Agent': 'python-requests/2.25.1', 'Accept-Encoding': 'gzip, deflate', 'Accept': '*/*', 'Connection': 'keep-alive'} 
 body=None 
 </msg>
<msg timestamp="20210629 08:27:10.819" level="INFO">GET Response : url=https://reqres.in/api/users?query=page=2 
 status=200, reason=OK 
 headers={'Date': 'Tue, 29 Jun 2021 05:27:10 GMT', 'Content-Type': 'application/json; charset=utf-8', 'Transfer-Encoding': 'chunked', 'Connection': 'keep-alive', 'x-powered-by': 'Express', 'access-control-allow-origin': '*', 'etag': 'W/"3e4-2RLXvr5wTg9YQ6aH95CkYoFNuO8"', 'via': '1.1 vegur', 'Cache-Control': 'max-age=14400', 'CF-Cache-Status': 'HIT', 'Age': '4344', 'cf-request-id': '0af7d56556000054810ab15000000001', 'Expect-CT': 'max-age=604800, report-uri="https://report-uri.cloudflare.com/cdn-cgi/beacon/expect-ct"', 'Report-To': '{"endpoints":[{"url":"https:\\/\\/a.nel.cloudflare.com\\/report\\/v2?s=bNrZBAVFPxR95zotyVr90RCfJ1QKhAb2lKLy2%2BKzNbp1y%2BQamdd8Ovg5WkQj9BxHC46XrUQbZsv2EdTS8jjUheOfURuWrjJoLdbicWOmFNwcGOR%2FtX8h"}],"group":"cf-nel","max_age":604800}', 'NEL': '{"report_to":"cf-nel","max_age":604800}', 'Vary': 'Accept-Encoding', 'Server': 'cloudflare', 'CF-RAY': '666cbe822ec95481-IST', 'Content-Encoding': 'gzip', 'alt-svc': 'h3-27=":443"; ma=86400, h3-28=":443"; ma=86400, h3-29=":443"; ma=86400, h3=":443"; ma=86400'} 
 body={"page":1,"per_page":6,"total":12,"total_pages":2,"data":[{"id":1,"email":"george.bluth@reqres.in","first_name":"George","last_name":"Bluth","avatar":"https://reqres.in/img/faces/1-image.jpg"},{"id":2,"email":"janet.weaver@reqres.in","first_name":"Janet","last_name":"Weaver","avatar":"https://reqres.in/img/faces/2-image.jpg"},{"id":3,"email":"emma.wong@reqres.in","first_name":"Emma","last_name":"Wong","avatar":"https://reqres.in/img/faces/3-image.jpg"},{"id":4,"email":"eve.holt@reqres.in","first_name":"Eve","last_name":"Holt","avatar":"https://reqres.in/img/faces/4-image.jpg"},{"id":5,"email":"charles.morris@reqres.in","first_name":"Charles","last_name":"Morris","avatar":"https://reqres.in/img/faces/5-image.jpg"},{"id":6,"email":"tracey.ramos@reqres.in","first_name":"Tracey","last_name":"Ramos","avatar":"https://reqres.in/img/faces/6-image.jpg"}],"support":{"url":"https://reqres.in/#support-heading","text":"To keep ReqRes free, contributions towards server costs are appreciated!"}} 
 </msg>
<msg timestamp="20210629 08:27:10.820" level="INFO">${response} = &lt;Response [200]&gt;</msg>
<status status="PASS" starttime="20210629 08:27:10.661" endtime="20210629 08:27:10.820"/>
</kw>
<kw name="Log To Console" library="BuiltIn">
<arg>${response.content}</arg>
<doc>Logs the given message to the console.</doc>
<status status="PASS" starttime="20210629 08:27:10.822" endtime="20210629 08:27:10.829"/>
</kw>
<kw name="Should Be Equal As Strings" library="BuiltIn">
<arg>${response.reason}</arg>
<arg>OK</arg>
<doc>Fails if objects are unequal after converting them to strings.</doc>
<status status="PASS" starttime="20210629 08:27:10.831" endtime="20210629 08:27:10.834"/>
</kw>
<kw name="Log To Console" library="BuiltIn">
<arg>1**************************************************</arg>
<doc>Logs the given message to the console.</doc>
<status status="PASS" starttime="20210629 08:27:10.837" endtime="20210629 08:27:10.838"/>
</kw>
<kw name="Log To Console" library="BuiltIn">
<arg>${response.json()}</arg>
<doc>Logs the given message to the console.</doc>
<status status="PASS" starttime="20210629 08:27:10.840" endtime="20210629 08:27:10.842"/>
</kw>
<kw name="Log To Console" library="BuiltIn">
<arg>2**************************************************</arg>
<doc>Logs the given message to the console.</doc>
<status status="PASS" starttime="20210629 08:27:10.843" endtime="20210629 08:27:10.843"/>
</kw>
<kw name="Log To Console" library="BuiltIn">
<arg>${response.json()}[total_pages]</arg>
<doc>Logs the given message to the console.</doc>
<status status="PASS" starttime="20210629 08:27:10.845" endtime="20210629 08:27:10.846"/>
</kw>
<kw name="Log To Console" library="BuiltIn">
<arg>3**************************************************</arg>
<doc>Logs the given message to the console.</doc>
<status status="PASS" starttime="20210629 08:27:10.847" endtime="20210629 08:27:10.848"/>
</kw>
<kw name="Log To Console" library="BuiltIn">
<arg>${response.json()}[data][3][avatar]</arg>
<doc>Logs the given message to the console.</doc>
<status status="PASS" starttime="20210629 08:27:10.849" endtime="20210629 08:27:10.852"/>
</kw>
<status status="PASS" starttime="20210629 08:27:10.659" endtime="20210629 08:27:10.853"/>
</test>
<test id="s1-t2" name="Get Request 2">
<kw name="Create Session" library="RequestsLibrary">
<arg>jsonplaceholder</arg>
<arg>https://jsonplaceholder.typicode.com</arg>
<doc>Create Session: create a HTTP session to a server</doc>
<msg timestamp="20210629 08:27:10.857" level="INFO">Creating Session using : alias=jsonplaceholder, url=https://jsonplaceholder.typicode.com, headers={},                     cookies={}, auth=None, timeout=None, proxies=None, verify=False,                     debug=0 </msg>
<status status="PASS" starttime="20210629 08:27:10.857" endtime="20210629 08:27:10.858"/>
</kw>
<kw name="Get On Session" library="RequestsLibrary">
<var>${resp_json}</var>
<arg>jsonplaceholder</arg>
<arg>/posts/1</arg>
<doc>Sends a GET request on a previously created HTTP Session.</doc>
<msg timestamp="20210629 08:27:11.029" level="INFO">GET Request : url=https://jsonplaceholder.typicode.com/posts/1 
 path_url=/posts/1 
 headers={'User-Agent': 'python-requests/2.25.1', 'Accept-Encoding': 'gzip, deflate', 'Accept': '*/*', 'Connection': 'keep-alive'} 
 body=None 
 </msg>
<msg timestamp="20210629 08:27:11.030" level="INFO">GET Response : url=https://jsonplaceholder.typicode.com/posts/1 
 status=200, reason=OK 
 headers={'Date': 'Tue, 29 Jun 2021 05:27:10 GMT', 'Content-Type': 'application/json; charset=utf-8', 'Transfer-Encoding': 'chunked', 'Connection': 'keep-alive', 'X-Powered-By': 'Express', 'X-Ratelimit-Limit': '1000', 'X-Ratelimit-Remaining': '999', 'X-Ratelimit-Reset': '1624940098', 'Vary': 'Origin, Accept-Encoding', 'Access-Control-Allow-Credentials': 'true', 'Cache-Control': 'max-age=43200', 'Pragma': 'no-cache', 'Expires': '-1', 'X-Content-Type-Options': 'nosniff', 'Etag': 'W/"124-yiKdLzqO5gfBrJFrcdJ8Yq0LGnU"', 'Via': '1.1 vegur', 'CF-Cache-Status': 'HIT', 'Age': '4344', 'cf-request-id': '0af7d5662b000054810e96a000000001', 'Expect-CT': 'max-age=604800, report-uri="https://report-uri.cloudflare.com/cdn-cgi/beacon/expect-ct"', 'Report-To': '{"endpoints":[{"url":"https:\\/\\/a.nel.cloudflare.com\\/report\\/v2?s=DHz8CFQ7OYX%2Fdst0%2Ft4C3fvASVMIuqxhdd4A40cEf%2FsZyJI9rPSOylezG3UizspmsK%2F3cCzGEz76fX0l1KnOHpThthFXSq68WvbEzcc7VtiekSjb98yKsiZoDQY4B%2B%2B0vFvryqSR4A%2Brsw%3D%3D"}],"group":"cf-nel","max_age":604800}', 'NEL': '{"report_to":"cf-nel","max_age":604800}', 'Server': 'cloudflare', 'CF-RAY': '666cbe83781b5481-IST', 'Content-Encoding': 'gzip', 'alt-svc': 'h3-27=":443"; ma=86400, h3-28=":443"; ma=86400, h3-29=":443"; ma=86400, h3=":443"; ma=86400'} 
 body={
  "userId": 1,
  "id": 1,
  "title": "sunt aut facere repellat provident occaecati excepturi optio reprehenderit",
  "body": "quia et suscipit\nsuscipit recusandae consequuntur expedita et cum\nreprehenderit molestiae ut ut quas totam\nnostrum rerum est autem sunt rem eveniet architecto"
} 
 </msg>
<msg timestamp="20210629 08:27:11.030" level="INFO">c:\users\gazi\pycharmprojects\robotproject\venv\lib\site-packages\urllib3\connectionpool.py:1013: InsecureRequestWarning: Unverified HTTPS request is being made to host 'jsonplaceholder.typicode.com'. Adding certificate verification is strongly advised. See: https://urllib3.readthedocs.io/en/latest/advanced-usage.html#ssl-warnings
  warnings.warn(</msg>
<msg timestamp="20210629 08:27:11.031" level="INFO">${resp_json} = &lt;Response [200]&gt;</msg>
<status status="PASS" starttime="20210629 08:27:10.860" endtime="20210629 08:27:11.032"/>
</kw>
<kw name="Log To Console" library="BuiltIn">
<arg>**************************************************</arg>
<doc>Logs the given message to the console.</doc>
<status status="PASS" starttime="20210629 08:27:11.034" endtime="20210629 08:27:11.035"/>
</kw>
<kw name="Log To Console" library="BuiltIn">
<arg>${resp_json.json()}[title]</arg>
<doc>Logs the given message to the console.</doc>
<status status="PASS" starttime="20210629 08:27:11.036" endtime="20210629 08:27:11.040"/>
</kw>
<kw name="Dictionary Should Contain Key" library="Collections">
<arg>${resp_json.json()}</arg>
<arg>title</arg>
<doc>Fails if ``key`` is not found from ``dictionary``.</doc>
<status status="PASS" starttime="20210629 08:27:11.042" endtime="20210629 08:27:11.044"/>
</kw>
<kw name="Should Be Equal As Strings" library="BuiltIn">
<arg>sunt aut facere repellat provident occaecati excepturi optio reprehenderit</arg>
<arg>${resp_json.json()}[title]</arg>
<doc>Fails if objects are unequal after converting them to strings.</doc>
<status status="PASS" starttime="20210629 08:27:11.046" endtime="20210629 08:27:11.048"/>
</kw>
<status status="PASS" starttime="20210629 08:27:10.856" endtime="20210629 08:27:11.050"/>
</test>
<test id="s1-t3" name="Get Request 3">
<kw name="Create Session" library="RequestsLibrary">
<arg>newsA</arg>
<arg>https://newsapi.org</arg>
<doc>Create Session: create a HTTP session to a server</doc>
<msg timestamp="20210629 08:27:11.056" level="INFO">Creating Session using : alias=newsA, url=https://newsapi.org, headers={},                     cookies={}, auth=None, timeout=None, proxies=None, verify=False,                     debug=0 </msg>
<status status="PASS" starttime="20210629 08:27:11.056" endtime="20210629 08:27:11.057"/>
</kw>
<kw name="Get Request" library="RequestsLibrary">
<var>${resp_json}</var>
<arg>newsA</arg>
<arg>/v2/top-headlines?country=tr&amp;apiKey=68322cf59c064606880e09b3dd03aff6</arg>
<doc>*DEPRECATED* Please use `GET On Session` instead.</doc>
<msg timestamp="20210629 08:27:11.060" level="WARN">Keyword 'RequestsLibrary.Get Request' is deprecated. Please use `GET On Session` instead.</msg>
<msg timestamp="20210629 08:27:11.982" level="INFO">GET Request : url=https://newsapi.org/v2/top-headlines?country=tr&amp;apiKey=68322cf59c064606880e09b3dd03aff6 
 path_url=/v2/top-headlines?country=tr&amp;apiKey=68322cf59c064606880e09b3dd03aff6 
 headers={'User-Agent': 'python-requests/2.25.1', 'Accept-Encoding': 'gzip, deflate', 'Accept': '*/*', 'Connection': 'keep-alive'} 
 body=None 
 </msg>
<msg timestamp="20210629 08:27:11.983" level="INFO">GET Response : url=https://newsapi.org/v2/top-headlines?country=tr&amp;apiKey=68322cf59c064606880e09b3dd03aff6 
 status=200, reason=OK 
 headers={'Date': 'Tue, 29 Jun 2021 05:27:11 GMT', 'Content-Type': 'application/json; charset=utf-8', 'Transfer-Encoding': 'chunked', 'Connection': 'keep-alive', 'Cache-Control': 'no-cache', 'Pragma': 'no-cache', 'Expires': '-1', 'X-Cached-Result': 'true', 'X-Cache-Remaining': '93', 'X-Cache-Expires': 'Tue, 29 Jun 2021 05:27:36 GMT', 'CF-Cache-Status': 'DYNAMIC', 'cf-request-id': '0af7d5671b00005488a41d4000000001', 'Expect-CT': 'max-age=604800, report-uri="https://report-uri.cloudflare.com/cdn-cgi/beacon/expect-ct"', 'Report-To': '{"endpoints":[{"url":"https:\\/\\/a.nel.cloudflare.com\\/report\\/v2?s=Or4alN%2F0s5x3rhwcj%2BD2s4zW80vENJW%2Bw5m0YQSqcKdCpvKcsRlRGcpg6f9p2RrK4fz92KzbeHkXklbhcBFWNl8JsHNNVTmWHWPTPmhj%2F8lp4wPqIj4ljQ%3D%3D"}],"group":"cf-nel","max_age":604800}', 'NEL': '{"report_to":"cf-nel","max_age":604800}', 'Server': 'cloudflare', 'CF-RAY': '666cbe84f8ad5488-IST', 'Content-Encoding': 'gzip'} 
 body={"status":"ok","totalResults":34,"articles":[{"source":{"id":null,"name":"Sozcu.com.tr"},"author":"Sözcü","title":"Borçlu esnaf sayısı 3’e katlandı - Sözcü","description":"Halkbank’a kredi borcu olan esnaf sayısı 2017 yılından bu yana 720 bin artarak 448 binden 1 milyon 168 bine çıktığı bildirildi. Türkiye’deki esnafın yarısının bankaya borcu var.\r. \r.","url":"https://www.sozcu.com.tr/2021/ekonomi/borclu-esnaf-sayisi-3e-katlandi-6510952/","urlToImage":"https://i.sozcu.com.tr/wp-content/uploads/2021/06/28/iecrop/06-osman-arslan_16_9_1624906723-670x371.jpg","publishedAt":"2021-06-29T02:30:45Z","content":"Halkbank Genel Müdürü Osman Arslan, sadece Halkbank'a kredi borcu olan esnaf saysnn 2017 ylnda 448 bin civarnda seyrettiini, buna karlk 2021'e gelindiinde borçlu esnaf saysnn 1 milyon 168 bine çktn b… [+2908 chars]"},{"source":{"id":null,"name":"Cumhuriyet.com.tr"},"author":null,"title":"Harvard Tıp Profesörü Gökhan Hotamışlıgil: 'Aşı karşıtlığı salgının kendisi kadar vahim' - Cumhuriyet","description":"Aşı karşıtlığı ve aşılar hakkında gündemdeki birçok soruyu değerlendiren Harvard Tıp Profesörü Gökhan Hotamışlıgil, Cumhuriyet'e konuştu.","url":"https://www.cumhuriyet.com.tr/haber/harvard-tip-profesoru-gokhan-hotamisligil-asi-karsitligi-salginin-kendisi-kadar-vahim-1848144","urlToImage":"https://www.cumhuriyet.com.tr/Archive/2021/6/29/1848144/kapak_033757.jpg","publishedAt":"2021-06-29T01:04:46Z","content":"Delta varyant ne kadar tehlikeli? Alar, varyantlar karsnda etkili mi? A kartlar ne yapmaya çalyor, hangi a ne kadar güvenli? Maske takmaya devam edilmeli mi? Harvard Üniversitesi James Stevens Simmon… [+10862 chars]"},{"source":{"id":null,"name":"Ntv.com.tr"},"author":"NTV","title":"800 bin doz aşı imha edilebilir - NTV","description":"İsrail başka ülke almazsa son kullanma tarihi yaklaşan 800 bin Covid-19 aşısını imha edecek.","url":"https://www.ntv.com.tr/dunya/800-bin-doz-asi-imha-edilebilir,p1IQ69yt_UWACiFXj1QCGQ","urlToImage":"https://cdn1.ntv.com.tr/gorsel/PXkttTsfWUSyjSxVZuVbEg.jpg?width=1080&amp;mode=crop&amp;scale=both","publishedAt":"2021-06-29T00:17:00Z","content":"srail'in, baka ülkelerden talep gelmemesi halinde elindeki son kullanma tarihi yaklaan 800 bin yeni tip corona virüs (Covid-19) asn imha etmek zorunda kalaca bildirildi.\r\nsrail Kamu Yayn Kuruluu'nda … [+770 chars]"},{"source":{"id":null,"name":"Hurriyet.com.tr"},"author":"hurriyet.com.tr","title":"9 üniversite bünyesinde yeni fakülte, enstitü ve yüksekokul kuruldu - Hürriyet","description":"Bazı yükseköğretim kurumları bünyesinde fakülte, enstitü ve yüksekokul kurulması ile kapatılması ve adlarının değiştirilmesine ilişkin Cumhurbaşkanı Kararı, Resmi Gazete'de yayımlandı.","url":"https://www.hurriyet.com.tr/gundem/9-universite-bunyesinde-yeni-fakulte-enstitu-ve-yuksekokul-kuruldu-41842061","urlToImage":"https://i4.hurimg.com/i/hurriyet/75/0x0/60da64804e3fe0139064b27f.jpg","publishedAt":"2021-06-29T00:08:35Z","content":"p&amp;gt;Cumhurbakan Recep Tayyip Erdoan imzasyla yaymlanan karara göre, Batman Üniversitesi'ne bal Salk Bilimleri Fakültesi ile Lisansüstü Eitim Enstitüsü, Beykent Üniversitesi'ne bal Salk Bilimleri Fak… [+1653 chars]"},{"source":{"id":null,"name":"Sporx.com"},"author":null,"title":"Deschamps: 'Mesele benim geleceğim değil' - Euro 2020 - Sporx","description":"Didier Deschamps, İsviçre'ye yenilerek elendikleri maçı değerlendirdi.","url":"https://www.sporx.com/deschamps-mesele-benim-gelecegim-degil-SXHBQ931878SXQ","urlToImage":"https://cdn.sporx.com/img/59/2021/epa_22198746_medium.jpg","publishedAt":"2021-06-28T22:43:49Z","content":"Fransa teknik direktörü Didier Deschamps, sviçre'ye yenildikleri maç sonunda kontu.Deschamps sonuna kadar mücadele ettiklerini ancak sonunda ykldklarn söyleyerek, \"Soru u an benim geleceim deil. Bu k… [+424 chars]"},{"source":{"id":null,"name":"Haberturk.com"},"author":"Habertürk","title":"Libya Başkanlık Konseyi, Başbakan Dibeybe'den savunma bakanlığına atama yapmasını istedi - Habertürk","description":"Libya Başkanlık Konseyi Başkanı Muhammed el-Menfi, Başbakan Abdulhamid Dibeybe’den, kabinede boş duran savunma bakanlığı pozisyonuna ivedilikle atama yapmasını istedi","url":"https://www.haberturk.com/libya-baskanlik-konseyi-basbakan-dibeybe-den-savunma-bakanligina-atama-yapmasini-istedi-3118335","urlToImage":"https://im.haberturk.com/2021/06/29/ver1624920246/3118335_1200x627.jpg","publishedAt":"2021-06-28T22:40:28Z","content":"Deerli Haberturk.com okurlar.Haberturk.com ekibi olarak Türkiyede ve dünyada yaanan ve haber deeri tayan her türlü gelimeyi sizlere en hzl, en objektif ve en doyurucu ekilde ulatrmak için çalyoruz. Y… [+2176 chars]"},{"source":{"id":null,"name":"Cumhuriyet.com.tr"},"author":null,"title":"EURO 2020 | İsviçre Fransa'yı eledi 8-7 - Cumhuriyet","description":"EURO 2020 son 16 turunda İsviçre ile Fransa karşı karşıya geldi, İsviçre Fransa'yı penaltılarla saf dışı bıraktı.","url":"https://www.cumhuriyet.com.tr/haber/euro-2020--isvicre-fransayi-eledi-8-7-1848133","urlToImage":"https://www.cumhuriyet.com.tr/Archive/2021/6/29/1848133/kapak_005727.png","publishedAt":"2021-06-28T22:00:01Z","content":"EURO 2020'de heyecan tüm hzyla devam ediyor. \r\nFransa ile sviçre'yi kar karya getiren mücadele büyük heyecana sahne oldu.\r\nMücadelede 90 dakika ve uzatmalar 3-3 eitlikle sonuçlannca maç penaltlara uz… [+289 chars]"},{"source":{"id":null,"name":"Gazeteduvar.com.tr"},"author":"Ozan Sürücü","title":"Nefes kesen maçta çeyrek finali penaltılarla İsviçre aldı - Gazete Duvar","description":"EURO 2020 son 16'da 1-0 öndeyken penaltı kaçıran ve 2 dakikada 2 gol yiyen İsviçre 3-1 geri düştüğü maçtan kopmadı, nefes kesen 90 dakika ve uzatmalar berabere bitti. Penaltılarda kazanan İsviçre oldu","url":"https://www.gazeteduvar.com.tr/nefes-kesen-macta-ceyrek-finali-penaltilarla-isvicre-aldi-haber-1526959","urlToImage":"https://i.gazeteduvar.com.tr/2/1280/720/storage/files/images/2021/06/29/img-20210629-005046-vRcs_cover.jpg","publishedAt":"2021-06-28T21:49:00Z","content":"DUVAR- 2020 Avrupa Futbol Şampiyonası son 16 turu maçında Fransa ile İsviçre karşı karşıya geldi. \r\nRomanya'nın başkenti Bükreş'teki National Arena Stadı'nda oynanan maçı Arjantin Futbol Federasyonu'… [+1243 chars]"},{"source":{"id":null,"name":"Sondakika.com"},"author":"SonDakika.com","title":"Ünlü oyuncu Gökhan Alkan'ın aynı mahallede oturmak için ev aldığı dedesi vefat etti - SonDakika.com","description":"Ünlü oyuncu Gökhan Alkan'ın dedesi hayatını kaybetti. Alkan'ın haberi alır almaz dizi çekimleri için bulunduğu Antakya'dan İstanbul'a gelerek, dedesi için son vazifesini yerine getirdiği öğrenildi. Diğer yandan Alkan'ın salgın nedeniyle görüşemediği dedesine …","url":"https://www.sondakika.com/haber/haber-unlu-oyuncu-gokhan-alkan-in-dedesi-vefat-etti-14231259/","urlToImage":"https://foto.sondakika.com/haber/2021/06/29/unlu-oyuncu-gokhan-alkan-in-dedesi-vefat-etti-14231259_9936_osd.jpg","publishedAt":"2021-06-28T21:22:18Z","content":"Ünlü oyuncu Gökhan Alkan, Kalp Yaras dizisiyle uzun aradan sonra yeniden ekranlara döndü. Dizinin çekimleri için Hatay'n Antakya kentinde bulunan Alkan'n burada dedesinin vefat haberini ald örenildi.… [+689 chars]"},{"source":{"id":"google-news","name":"Google News"},"author":null,"title":"Windows 11 Önizleme Sürümü Çıktı, Kurup Kullandık! - Technopat","description":null,"url":"https://news.google.com/__i/rss/rd/articles/CBMiK2h0dHBzOi8vd3d3LnlvdXR1YmUuY29tL3dhdGNoP3Y9NVJEc0o5SGRtcFXSAQA?oc=5","urlToImage":null,"publishedAt":"2021-06-28T20:45:01Z","content":null},{"source":{"id":null,"name":"Sozcu.com.tr"},"author":"Sözcü","title":"Farklı Covid-19 aşılarının karıştırılmasının daha etkili olduğu ortaya çıktı - Sözcü","description":"İngiltere'de yapılan bir araştırmaya göre, Covid-19 aşılamasında birinci ve ikinci dozlarda birbirinden farklı aşıların karıştırılarak kullanılmasının virüse karşı daha iyi koruma sağladığı belirtildi.","url":"https://www.sozcu.com.tr/2021/saglik/farkli-covid-19-asilarinin-karistirilmasinin-daha-etkili-oldugu-ortaya-cikti-6511101/","urlToImage":"https://i.sozcu.com.tr/wp-content/uploads/2021/06/28/iecrop/asi_depo2_16_9_1610627698_16_9_1624911653-670x371.jpg","publishedAt":"2021-06-28T20:31:59Z","content":"ngiltere’de yaplan bir aratrmada, Covid-19 alamasnda farkl alarn kartrlarak kullanlmasnn virüse kar daha etkili olduu ortaya çkt.\r\nTÜM KOMBNASYONLAR DENEND\r\nAratrmada 50 ya ve üstü 850 gönüllüye 4 ha… [+1819 chars]"},{"source":{"id":null,"name":"Hurriyet.com.tr"},"author":"hurriyet.com.tr","title":"Son dakika haberleri... Bakan Fahrettin Koca açıkladı: İşte yaşadığınız kentteki corona virüsü vaka sayısı - Hürriyet","description":"Son dakika haberi... Türkiye 1 Temmuz'da normalleşmeye hazırlanırken, Sağlık Bakanı Fahrettin Koca, illere göre 100 bin nüfusa karşılık gelen haftalık vaka sayısını açıkladı. Buna göre; haftalık vaka sayıları 100 bin nüfusa göre İstanbul'da 54.30, Ankara'da, …","url":"https://www.hurriyet.com.tr/gundem/son-dakika-haberleri-bakan-fahrettin-koca-acikladi-iste-yasadiginiz-kentteki-corona-virusu-vaka-sayisi-41841907","urlToImage":"https://i4.hurimg.com/i/hurriyet/75/0x0/60d9f03d4e3fe0139064abfd.jpg","publishedAt":"2021-06-28T19:59:02Z","content":"p&amp;gt;Salk Bakan Fahrettin Koca, 19-25 Haziran illere göre corona virüsü vaka saysn açklad. Bakan Koca, Twitter'dan u açklamay yapt:\"nsidans haritamzn güncel ekli, illerimizde 100 bin nüfusa karlk gel… [+1726 chars]"},{"source":{"id":null,"name":"Milliyet.com.tr"},"author":"Milliyet.com.tr","title":"Son dakiak - Fenerbahçe'de Ali Koç başkanlığındaki yönetim kurulu, mazbatalarını aldı - Milliyet","description":"Fenerbahçe Kulübünde gerçekleştirilen olağan seçimli genel kurulda yeniden başkanlığa seçilen Ali Koç ile yönetim kurulu üyeleri, mazbatalarını aldı.","url":"https://www.milliyet.com.tr/skorer/son-dakiak-fenerbahcede-ali-koc-baskanligindaki-yonetim-kurulu-mazbatalarini-aldi-6541148","urlToImage":"https://i2.milimaj.com/i/milliyet/75/0x0/60da293986b2441994741e6b.jpg","publishedAt":"2021-06-28T19:56:1... (set the log level to DEBUG or TRACE to see the full content) 
 </msg>
<msg timestamp="20210629 08:27:11.984" level="INFO">c:\users\gazi\pycharmprojects\robotproject\venv\lib\site-packages\urllib3\connectionpool.py:1013: InsecureRequestWarning: Unverified HTTPS request is being made to host 'newsapi.org'. Adding certificate verification is strongly advised. See: https://urllib3.readthedocs.io/en/latest/advanced-usage.html#ssl-warnings
  warnings.warn(</msg>
<msg timestamp="20210629 08:27:11.985" level="INFO">${resp_json} = &lt;Response [200]&gt;</msg>
<status status="PASS" starttime="20210629 08:27:11.059" endtime="20210629 08:27:11.985"/>
</kw>
<kw name="Log To Console" library="BuiltIn">
<arg>${resp_json.json()}[articles][19][title]</arg>
<doc>Logs the given message to the console.</doc>
<status status="PASS" starttime="20210629 08:27:11.987" endtime="20210629 08:27:11.991"/>
</kw>
<for flavor="IN RANGE">
<var>${i}</var>
<value>0</value>
<value>20</value>
<iter>
<var name="${i}">0</var>
<kw name="Log To Console" library="BuiltIn">
<arg>${resp_json.json()}[articles][${i}][title]</arg>
<doc>Logs the given message to the console.</doc>
<status status="PASS" starttime="20210629 08:27:11.993" endtime="20210629 08:27:11.997"/>
</kw>
<status status="PASS" starttime="20210629 08:27:11.993" endtime="20210629 08:27:11.997"/>
</iter>
<iter>
<var name="${i}">1</var>
<kw name="Log To Console" library="BuiltIn">
<arg>${resp_json.json()}[articles][${i}][title]</arg>
<doc>Logs the given message to the console.</doc>
<status status="PASS" starttime="20210629 08:27:11.998" endtime="20210629 08:27:12.003"/>
</kw>
<status status="PASS" starttime="20210629 08:27:11.998" endtime="20210629 08:27:12.003"/>
</iter>
<iter>
<var name="${i}">2</var>
<kw name="Log To Console" library="BuiltIn">
<arg>${resp_json.json()}[articles][${i}][title]</arg>
<doc>Logs the given message to the console.</doc>
<status status="PASS" starttime="20210629 08:27:12.004" endtime="20210629 08:27:12.007"/>
</kw>
<status status="PASS" starttime="20210629 08:27:12.004" endtime="20210629 08:27:12.007"/>
</iter>
<iter>
<var name="${i}">3</var>
<kw name="Log To Console" library="BuiltIn">
<arg>${resp_json.json()}[articles][${i}][title]</arg>
<doc>Logs the given message to the console.</doc>
<status status="PASS" starttime="20210629 08:27:12.009" endtime="20210629 08:27:12.013"/>
</kw>
<status status="PASS" starttime="20210629 08:27:12.009" endtime="20210629 08:27:12.014"/>
</iter>
<iter>
<var name="${i}">4</var>
<kw name="Log To Console" library="BuiltIn">
<arg>${resp_json.json()}[articles][${i}][title]</arg>
<doc>Logs the given message to the console.</doc>
<status status="PASS" starttime="20210629 08:27:12.014" endtime="20210629 08:27:12.018"/>
</kw>
<status status="PASS" starttime="20210629 08:27:12.014" endtime="20210629 08:27:12.019"/>
</iter>
<iter>
<var name="${i}">5</var>
<kw name="Log To Console" library="BuiltIn">
<arg>${resp_json.json()}[articles][${i}][title]</arg>
<doc>Logs the given message to the console.</doc>
<status status="PASS" starttime="20210629 08:27:12.020" endtime="20210629 08:27:12.024"/>
</kw>
<status status="PASS" starttime="20210629 08:27:12.019" endtime="20210629 08:27:12.024"/>
</iter>
<iter>
<var name="${i}">6</var>
<kw name="Log To Console" library="BuiltIn">
<arg>${resp_json.json()}[articles][${i}][title]</arg>
<doc>Logs the given message to the console.</doc>
<status status="PASS" starttime="20210629 08:27:12.025" endtime="20210629 08:27:12.029"/>
</kw>
<status status="PASS" starttime="20210629 08:27:12.024" endtime="20210629 08:27:12.029"/>
</iter>
<iter>
<var name="${i}">7</var>
<kw name="Log To Console" library="BuiltIn">
<arg>${resp_json.json()}[articles][${i}][title]</arg>
<doc>Logs the given message to the console.</doc>
<status status="PASS" starttime="20210629 08:27:12.030" endtime="20210629 08:27:12.035"/>
</kw>
<status status="PASS" starttime="20210629 08:27:12.029" endtime="20210629 08:27:12.035"/>
</iter>
<iter>
<var name="${i}">8</var>
<kw name="Log To Console" library="BuiltIn">
<arg>${resp_json.json()}[articles][${i}][title]</arg>
<doc>Logs the given message to the console.</doc>
<status status="PASS" starttime="20210629 08:27:12.038" endtime="20210629 08:27:12.042"/>
</kw>
<status status="PASS" starttime="20210629 08:27:12.037" endtime="20210629 08:27:12.042"/>
</iter>
<iter>
<var name="${i}">9</var>
<kw name="Log To Console" library="BuiltIn">
<arg>${resp_json.json()}[articles][${i}][title]</arg>
<doc>Logs the given message to the console.</doc>
<status status="PASS" starttime="20210629 08:27:12.043" endtime="20210629 08:27:12.048"/>
</kw>
<status status="PASS" starttime="20210629 08:27:12.043" endtime="20210629 08:27:12.048"/>
</iter>
<iter>
<var name="${i}">10</var>
<kw name="Log To Console" library="BuiltIn">
<arg>${resp_json.json()}[articles][${i}][title]</arg>
<doc>Logs the given message to the console.</doc>
<status status="PASS" starttime="20210629 08:27:12.048" endtime="20210629 08:27:12.053"/>
</kw>
<status status="PASS" starttime="20210629 08:27:12.048" endtime="20210629 08:27:12.053"/>
</iter>
<iter>
<var name="${i}">11</var>
<kw name="Log To Console" library="BuiltIn">
<arg>${resp_json.json()}[articles][${i}][title]</arg>
<doc>Logs the given message to the console.</doc>
<status status="PASS" starttime="20210629 08:27:12.054" endtime="20210629 08:27:12.059"/>
</kw>
<status status="PASS" starttime="20210629 08:27:12.053" endtime="20210629 08:27:12.059"/>
</iter>
<iter>
<var name="${i}">12</var>
<kw name="Log To Console" library="BuiltIn">
<arg>${resp_json.json()}[articles][${i}][title]</arg>
<doc>Logs the given message to the console.</doc>
<status status="PASS" starttime="20210629 08:27:12.059" endtime="20210629 08:27:12.064"/>
</kw>
<status status="PASS" starttime="20210629 08:27:12.059" endtime="20210629 08:27:12.065"/>
</iter>
<iter>
<var name="${i}">13</var>
<kw name="Log To Console" library="BuiltIn">
<arg>${resp_json.json()}[articles][${i}][title]</arg>
<doc>Logs the given message to the console.</doc>
<status status="PASS" starttime="20210629 08:27:12.065" endtime="20210629 08:27:12.069"/>
</kw>
<status status="PASS" starttime="20210629 08:27:12.065" endtime="20210629 08:27:12.069"/>
</iter>
<iter>
<var name="${i}">14</var>
<kw name="Log To Console" library="BuiltIn">
<arg>${resp_json.json()}[articles][${i}][title]</arg>
<doc>Logs the given message to the console.</doc>
<status status="PASS" starttime="20210629 08:27:12.071" endtime="20210629 08:27:12.075"/>
</kw>
<status status="PASS" starttime="20210629 08:27:12.069" endtime="20210629 08:27:12.075"/>
</iter>
<iter>
<var name="${i}">15</var>
<kw name="Log To Console" library="BuiltIn">
<arg>${resp_json.json()}[articles][${i}][title]</arg>
<doc>Logs the given message to the console.</doc>
<status status="PASS" starttime="20210629 08:27:12.076" endtime="20210629 08:27:12.080"/>
</kw>
<status status="PASS" starttime="20210629 08:27:12.076" endtime="20210629 08:27:12.081"/>
</iter>
<iter>
<var name="${i}">16</var>
<kw name="Log To Console" library="BuiltIn">
<arg>${resp_json.json()}[articles][${i}][title]</arg>
<doc>Logs the given message to the console.</doc>
<status status="PASS" starttime="20210629 08:27:12.082" endtime="20210629 08:27:12.086"/>
</kw>
<status status="PASS" starttime="20210629 08:27:12.081" endtime="20210629 08:27:12.086"/>
</iter>
<iter>
<var name="${i}">17</var>
<kw name="Log To Console" library="BuiltIn">
<arg>${resp_json.json()}[articles][${i}][title]</arg>
<doc>Logs the given message to the console.</doc>
<status status="PASS" starttime="20210629 08:27:12.088" endtime="20210629 08:27:12.091"/>
</kw>
<status status="PASS" starttime="20210629 08:27:12.086" endtime="20210629 08:27:12.091"/>
</iter>
<iter>
<var name="${i}">18</var>
<kw name="Log To Console" library="BuiltIn">
<arg>${resp_json.json()}[articles][${i}][title]</arg>
<doc>Logs the given message to the console.</doc>
<status status="PASS" starttime="20210629 08:27:12.092" endtime="20210629 08:27:12.098"/>
</kw>
<status status="PASS" starttime="20210629 08:27:12.091" endtime="20210629 08:27:12.098"/>
</iter>
<iter>
<var name="${i}">19</var>
<kw name="Log To Console" library="BuiltIn">
<arg>${resp_json.json()}[articles][${i}][title]</arg>
<doc>Logs the given message to the console.</doc>
<status status="PASS" starttime="20210629 08:27:12.099" endtime="20210629 08:27:12.102"/>
</kw>
<status status="PASS" starttime="20210629 08:27:12.099" endtime="20210629 08:27:12.102"/>
</iter>
<status status="PASS" starttime="20210629 08:27:11.992" endtime="20210629 08:27:12.103"/>
</for>
<status status="PASS" starttime="20210629 08:27:11.053" endtime="20210629 08:27:12.103"/>
</test>
<status status="PASS" starttime="20210629 08:27:10.037" endtime="20210629 08:27:12.106"/>
</suite>
<statistics>
<total>
<stat pass="3" fail="0" skip="0">All Tests</stat>
</total>
<tag>
</tag>
<suite>
<stat pass="3" fail="0" skip="0" id="s1" name="ders02 GET Request ex">ders02 GET Request ex</stat>
</suite>
</statistics>
<errors>
<msg timestamp="20210629 08:27:11.060" level="WARN">Keyword 'RequestsLibrary.Get Request' is deprecated. Please use `GET On Session` instead.</msg>
</errors>
</robot>
