<?xml version="1.0" encoding="UTF-8"?>
<robot generator="Robot 4.0.3 (Python 3.8.5 on win32)" generated="20210621 15:37:10.139" rpa="false" schemaversion="2">
<suite id="s1" name="Data Driven 04" source="C:\Users\gazi\PycharmProjects\robotProject\Tests\Data_Driven_04.robot">
<test id="s1-t1" name="Login Test">
<kw name="Log To Console" library="BuiltIn">
<arg>@{users}</arg>
<doc>Logs the given message to the console.</doc>
<msg timestamp="20210621 15:37:10.479" level="FAIL">Keyword 'BuiltIn.Log To Console' expected 1 to 3 arguments, got 4.</msg>
<status status="FAIL" starttime="20210621 15:37:10.478" endtime="20210621 15:37:10.479"/>
</kw>
<status status="FAIL" starttime="20210621 15:37:10.477" endtime="20210621 15:37:10.480">Keyword 'BuiltIn.Log To Console' expected 1 to 3 arguments, got 4.</status>
</test>
<status status="FAIL" starttime="20210621 15:37:10.142" endtime="20210621 15:37:10.482"/>
</suite>
<statistics>
<total>
<stat pass="0" fail="1" skip="0">All Tests</stat>
</total>
<tag>
</tag>
<suite>
<stat pass="0" fail="1" skip="0" id="s1" name="Data Driven 04">Data Driven 04</stat>
</suite>
</statistics>
<errors>
</errors>
</robot>
